Mon Jun 05 2023 14:18:13 GMT+0530 (India Standard Time) - GET - /api/users/all-users 
Mon Jun 05 2023 14:19:27 GMT+0530 (India Standard Time) - GET - /api/users/all-users 
Mon Jun 05 2023 14:20:42 GMT+0530 (India Standard Time) - GET - /api/users/all-users 
Mon Jun 05 2023 14:20:42 GMT+0530 (India Standard Time) - GET - /favicon.ico 
Mon Jun 05 2023 14:22:04 GMT+0530 (India Standard Time) - GET - /api/users/all-users 
Mon Jun 05 2023 14:30:37 GMT+0530 (India Standard Time) - GET - /api/users/all-users 
Mon Jun 05 2023 14:31:36 GMT+0530 (India Standard Time) - GET - /api/users/all-users 
Mon Jun 05 2023 14:35:08 GMT+0530 (India Standard Time) - GET - /api/users/all-users 
Mon Jun 05 2023 15:07:59 GMT+0530 (India Standard Time) - POST - /api/jwt/register 
Mon Jun 05 2023 15:10:13 GMT+0530 (India Standard Time) - GET - /api/jwt/checkoutauth 
Mon Jun 05 2023 15:10:35 GMT+0530 (India Standard Time) - GET - /api/jwt/checkoutauth 
Mon Jun 05 2023 15:11:58 GMT+0530 (India Standard Time) - GET - /api/jwt/checktokenvalidity 
Mon Jun 05 2023 15:15:13 GMT+0530 (India Standard Time) - POST - /api/jwt/register 
Mon Jun 05 2023 15:15:50 GMT+0530 (India Standard Time) - GET - /api/jwt/checktokenvalidity 
Mon Jun 05 2023 15:17:00 GMT+0530 (India Standard Time) - POST - /api/jwt/register 
Mon Jun 05 2023 15:17:32 GMT+0530 (India Standard Time) - GET - /api/jwt/checktokenvalidity 
Mon Jun 05 2023 15:18:53 GMT+0530 (India Standard Time) - POST - /api/jwt/register 
Mon Jun 05 2023 15:19:13 GMT+0530 (India Standard Time) - POST - /api/jwt/register 
Mon Jun 05 2023 15:19:35 GMT+0530 (India Standard Time) - GET - /api/jwt/checktokenvalidity 
Mon Jun 05 2023 15:27:17 GMT+0530 (India Standard Time) - GET - /api/jwt/checktokenvalidity 
Mon Jun 05 2023 15:28:02 GMT+0530 (India Standard Time) - GET - /api/jwt/checktokenvalidity 
Mon Jun 05 2023 15:30:21 GMT+0530 (India Standard Time) - GET - /api/jwt/checktokenvalidity 
Mon Jun 05 2023 15:31:39 GMT+0530 (India Standard Time) - GET - /api/jwt/checktokenvalidity 
Mon Jun 05 2023 15:33:06 GMT+0530 (India Standard Time) - GET - /api/jwt/checktokenvalidity 
Mon Jun 05 2023 15:39:18 GMT+0530 (India Standard Time) - GET - /api/jwt/checkoutauth 
Mon Jun 05 2023 15:41:23 GMT+0530 (India Standard Time) - GET - /api/jwt/checkoutauth 
Mon Jun 05 2023 15:43:56 GMT+0530 (India Standard Time) - GET - /api/jwt/checkoutauth 
Mon Jun 05 2023 15:45:11 GMT+0530 (India Standard Time) - GET - /api/jwt/checkoutauth 
Mon Jun 05 2023 15:45:17 GMT+0530 (India Standard Time) - GET - /api/jwt/checkoutauth 
Mon Jun 05 2023 15:45:43 GMT+0530 (India Standard Time) - GET - /api/jwt/checkoutauth 
Mon Jun 05 2023 15:48:04 GMT+0530 (India Standard Time) - GET - /api/jwt/checkoutauth 
Mon Jun 05 2023 15:50:30 GMT+0530 (India Standard Time) - GET - /api/jwt/checkoutauth 
Mon Jun 05 2023 15:51:41 GMT+0530 (India Standard Time) - GET - /api/jwt/checkoutauth 
Mon Jun 05 2023 15:54:44 GMT+0530 (India Standard Time) - GET - /api/jwt/checkoutauth 
Mon Jun 05 2023 19:27:25 GMT+0530 (India Standard Time) - GET - /api/jwt/checkoutauth 
